
Collecting usage statistics. To deactivate, set browser.gatherUsageStats to False.


  You can now view your Streamlit app in your browser.

  Network URL: http://10.0.4.27:8501
  External URL: http://20.192.21.57:8501

[nltk_data] Downloading package punkt to /home/codespace/nltk_data...
[nltk_data]   Package punkt is already up-to-date!
[nltk_data] Downloading package stopwords to
[nltk_data]     /home/codespace/nltk_data...
[nltk_data]   Package stopwords is already up-to-date!
[nltk_data] Downloading package wordnet to
[nltk_data]     /home/codespace/nltk_data...
[nltk_data]   Package wordnet is already up-to-date!
[nltk_data] Downloading package omw-1.4 to
[nltk_data]     /home/codespace/nltk_data...
[nltk_data]   Package omw-1.4 is already up-to-date!
[nltk_data] Downloading package punkt to /home/codespace/nltk_data...
[nltk_data]   Package punkt is already up-to-date!
[nltk_data] Downloading package stopwords to
[nltk_data]     /home/codespace/nltk_data...
[nltk_data]   Package stopwords is already up-to-date!
[nltk_data] Downloading package wordnet to
[nltk_data]     /home/codespace/nltk_data...
[nltk_data]   Package wordnet is already up-to-date!
[nltk_data] Downloading package omw-1.4 to
[nltk_data]     /home/codespace/nltk_data...
[nltk_data]   Package omw-1.4 is already up-to-date!
[nltk_data] Downloading package punkt to /home/codespace/nltk_data...
[nltk_data]   Package punkt is already up-to-date!
[nltk_data] Downloading package stopwords to
[nltk_data]     /home/codespace/nltk_data...
[nltk_data]   Package stopwords is already up-to-date!
[nltk_data] Downloading package wordnet to
[nltk_data]     /home/codespace/nltk_data...
[nltk_data]   Package wordnet is already up-to-date!
[nltk_data] Downloading package omw-1.4 to
[nltk_data]     /home/codespace/nltk_data...
[nltk_data]   Package omw-1.4 is already up-to-date!
[nltk_data] Downloading package punkt to /home/codespace/nltk_data...
[nltk_data]   Package punkt is already up-to-date!
[nltk_data] Downloading package stopwords to
[nltk_data]     /home/codespace/nltk_data...
[nltk_data]   Package stopwords is already up-to-date!
[nltk_data] Downloading package wordnet to
[nltk_data]     /home/codespace/nltk_data...
[nltk_data]   Package wordnet is already up-to-date!
[nltk_data] Downloading package omw-1.4 to
[nltk_data]     /home/codespace/nltk_data...
[nltk_data]   Package omw-1.4 is already up-to-date!
[nltk_data] Downloading package punkt to /home/codespace/nltk_data...
[nltk_data]   Package punkt is already up-to-date!
[nltk_data] Downloading package stopwords to
[nltk_data]     /home/codespace/nltk_data...
[nltk_data]   Package stopwords is already up-to-date!
[nltk_data] Downloading package wordnet to
[nltk_data]     /home/codespace/nltk_data...
[nltk_data]   Package wordnet is already up-to-date!
[nltk_data] Downloading package omw-1.4 to
[nltk_data]     /home/codespace/nltk_data...
[nltk_data]   Package omw-1.4 is already up-to-date!
[nltk_data] Downloading package punkt to /home/codespace/nltk_data...
[nltk_data]   Package punkt is already up-to-date!
[nltk_data] Downloading package stopwords to
[nltk_data]     /home/codespace/nltk_data...
[nltk_data]   Package stopwords is already up-to-date!
[nltk_data] Downloading package wordnet to
[nltk_data]     /home/codespace/nltk_data...
[nltk_data]   Package wordnet is already up-to-date!
[nltk_data] Downloading package omw-1.4 to
[nltk_data]     /home/codespace/nltk_data...
[nltk_data]   Package omw-1.4 is already up-to-date!
2025-12-08 09:31:47.480 Please replace `st.experimental_rerun` with `st.rerun`.

`st.experimental_rerun` will be removed after 2024-04-01.
[nltk_data] Downloading package punkt to /home/codespace/nltk_data...
[nltk_data]   Package punkt is already up-to-date!
[nltk_data] Downloading package stopwords to
[nltk_data]     /home/codespace/nltk_data...
[nltk_data]   Package stopwords is already up-to-date!
[nltk_data] Downloading package wordnet to
[nltk_data]     /home/codespace/nltk_data...
[nltk_data]   Package wordnet is already up-to-date!
[nltk_data] Downloading package omw-1.4 to
[nltk_data]     /home/codespace/nltk_data...
[nltk_data]   Package omw-1.4 is already up-to-date!
[nltk_data] Downloading package punkt to /home/codespace/nltk_data...
[nltk_data]   Package punkt is already up-to-date!
[nltk_data] Downloading package stopwords to
[nltk_data]     /home/codespace/nltk_data...
[nltk_data]   Package stopwords is already up-to-date!
[nltk_data] Downloading package wordnet to
[nltk_data]     /home/codespace/nltk_data...
[nltk_data]   Package wordnet is already up-to-date!
[nltk_data] Downloading package omw-1.4 to
[nltk_data]     /home/codespace/nltk_data...
[nltk_data]   Package omw-1.4 is already up-to-date!
[nltk_data] Downloading package punkt to /home/codespace/nltk_data...
[nltk_data]   Package punkt is already up-to-date!
[nltk_data] Downloading package stopwords to
[nltk_data]     /home/codespace/nltk_data...
[nltk_data]   Package stopwords is already up-to-date!
[nltk_data] Downloading package wordnet to
[nltk_data]     /home/codespace/nltk_data...
[nltk_data]   Package wordnet is already up-to-date!
[nltk_data] Downloading package omw-1.4 to
[nltk_data]     /home/codespace/nltk_data...
[nltk_data]   Package omw-1.4 is already up-to-date!
[nltk_data] Downloading package punkt to /home/codespace/nltk_data...
[nltk_data]   Package punkt is already up-to-date!
[nltk_data] Downloading package stopwords to
[nltk_data]     /home/codespace/nltk_data...
[nltk_data]   Package stopwords is already up-to-date!
[nltk_data] Downloading package wordnet to
[nltk_data]     /home/codespace/nltk_data...
[nltk_data]   Package wordnet is already up-to-date!
[nltk_data] Downloading package omw-1.4 to
[nltk_data]     /home/codespace/nltk_data...
[nltk_data]   Package omw-1.4 is already up-to-date!
2025-12-08 09:32:03.127 Uncaught app exception
Traceback (most recent call last):
  File "/workspaces/SMS-Spam-Detection-Model/.venv/lib/python3.12/site-packages/streamlit/runtime/scriptrunner/script_runner.py", line 535, in _run_script
    exec(code, module.__dict__)
  File "/workspaces/SMS-Spam-Detection-Model/app.py", line 98, in <module>
    st.session_state['sms_input'] = ""
    ~~~~~~~~~~~~~~~~^^^^^^^^^^^^^
  File "/workspaces/SMS-Spam-Detection-Model/.venv/lib/python3.12/site-packages/streamlit/runtime/metrics_util.py", line 396, in wrapped_func
    result = non_optional_func(*args, **kwargs)
             ^^^^^^^^^^^^^^^^^^^^^^^^^^^^^^^^^^
  File "/workspaces/SMS-Spam-Detection-Model/.venv/lib/python3.12/site-packages/streamlit/runtime/state/session_state_proxy.py", line 103, in __setitem__
    get_session_state()[key] = value
    ~~~~~~~~~~~~~~~~~~~^^^^^
  File "/workspaces/SMS-Spam-Detection-Model/.venv/lib/python3.12/site-packages/streamlit/runtime/state/safe_session_state.py", line 96, in __setitem__
    self._state[key] = value
    ~~~~~~~~~~~^^^^^
  File "/workspaces/SMS-Spam-Detection-Model/.venv/lib/python3.12/site-packages/streamlit/runtime/state/session_state.py", line 461, in __setitem__
    raise StreamlitAPIException(
streamlit.errors.StreamlitAPIException: `st.session_state.sms_input` cannot be modified after the widget with key `sms_input` is instantiated.
[nltk_data] Downloading package punkt to /home/codespace/nltk_data...
[nltk_data]   Package punkt is already up-to-date!
[nltk_data] Downloading package stopwords to
[nltk_data]     /home/codespace/nltk_data...
[nltk_data]   Package stopwords is already up-to-date!
[nltk_data] Downloading package wordnet to
[nltk_data]     /home/codespace/nltk_data...
[nltk_data]   Package wordnet is already up-to-date!
[nltk_data] Downloading package omw-1.4 to
[nltk_data]     /home/codespace/nltk_data...
[nltk_data]   Package omw-1.4 is already up-to-date!
2025-12-08 09:32:03.924 Uncaught app exception
Traceback (most recent call last):
  File "/workspaces/SMS-Spam-Detection-Model/.venv/lib/python3.12/site-packages/streamlit/runtime/scriptrunner/script_runner.py", line 535, in _run_script
    exec(code, module.__dict__)
  File "/workspaces/SMS-Spam-Detection-Model/app.py", line 98, in <module>
    st.session_state['sms_input'] = ""
    ~~~~~~~~~~~~~~~~^^^^^^^^^^^^^
  File "/workspaces/SMS-Spam-Detection-Model/.venv/lib/python3.12/site-packages/streamlit/runtime/metrics_util.py", line 396, in wrapped_func
    result = non_optional_func(*args, **kwargs)
             ^^^^^^^^^^^^^^^^^^^^^^^^^^^^^^^^^^
  File "/workspaces/SMS-Spam-Detection-Model/.venv/lib/python3.12/site-packages/streamlit/runtime/state/session_state_proxy.py", line 103, in __setitem__
    get_session_state()[key] = value
    ~~~~~~~~~~~~~~~~~~~^^^^^
  File "/workspaces/SMS-Spam-Detection-Model/.venv/lib/python3.12/site-packages/streamlit/runtime/state/safe_session_state.py", line 96, in __setitem__
    self._state[key] = value
    ~~~~~~~~~~~^^^^^
  File "/workspaces/SMS-Spam-Detection-Model/.venv/lib/python3.12/site-packages/streamlit/runtime/state/session_state.py", line 461, in __setitem__
    raise StreamlitAPIException(
streamlit.errors.StreamlitAPIException: `st.session_state.sms_input` cannot be modified after the widget with key `sms_input` is instantiated.
[nltk_data] Downloading package punkt to /home/codespace/nltk_data...
[nltk_data]   Package punkt is already up-to-date!
[nltk_data] Downloading package stopwords to
[nltk_data]     /home/codespace/nltk_data...
[nltk_data]   Package stopwords is already up-to-date!
[nltk_data] Downloading package wordnet to
[nltk_data]     /home/codespace/nltk_data...
[nltk_data]   Package wordnet is already up-to-date!
[nltk_data] Downloading package omw-1.4 to
[nltk_data]     /home/codespace/nltk_data...
[nltk_data]   Package omw-1.4 is already up-to-date!
2025-12-08 09:32:06.220 Uncaught app exception
Traceback (most recent call last):
  File "/workspaces/SMS-Spam-Detection-Model/.venv/lib/python3.12/site-packages/streamlit/runtime/scriptrunner/script_runner.py", line 535, in _run_script
    exec(code, module.__dict__)
  File "/workspaces/SMS-Spam-Detection-Model/app.py", line 98, in <module>
    st.session_state['sms_input'] = ""
    ~~~~~~~~~~~~~~~~^^^^^^^^^^^^^
  File "/workspaces/SMS-Spam-Detection-Model/.venv/lib/python3.12/site-packages/streamlit/runtime/metrics_util.py", line 396, in wrapped_func
    result = non_optional_func(*args, **kwargs)
             ^^^^^^^^^^^^^^^^^^^^^^^^^^^^^^^^^^
  File "/workspaces/SMS-Spam-Detection-Model/.venv/lib/python3.12/site-packages/streamlit/runtime/state/session_state_proxy.py", line 103, in __setitem__
    get_session_state()[key] = value
    ~~~~~~~~~~~~~~~~~~~^^^^^
  File "/workspaces/SMS-Spam-Detection-Model/.venv/lib/python3.12/site-packages/streamlit/runtime/state/safe_session_state.py", line 96, in __setitem__
    self._state[key] = value
    ~~~~~~~~~~~^^^^^
  File "/workspaces/SMS-Spam-Detection-Model/.venv/lib/python3.12/site-packages/streamlit/runtime/state/session_state.py", line 461, in __setitem__
    raise StreamlitAPIException(
streamlit.errors.StreamlitAPIException: `st.session_state.sms_input` cannot be modified after the widget with key `sms_input` is instantiated.
[nltk_data] Downloading package punkt to /home/codespace/nltk_data...
[nltk_data]   Package punkt is already up-to-date!
[nltk_data] Downloading package stopwords to
[nltk_data]     /home/codespace/nltk_data...
[nltk_data]   Package stopwords is already up-to-date!
[nltk_data] Downloading package wordnet to
[nltk_data]     /home/codespace/nltk_data...
[nltk_data]   Package wordnet is already up-to-date!
[nltk_data] Downloading package omw-1.4 to
[nltk_data]     /home/codespace/nltk_data...
[nltk_data]   Package omw-1.4 is already up-to-date!
[nltk_data] Downloading package punkt to /home/codespace/nltk_data...
[nltk_data]   Package punkt is already up-to-date!
[nltk_data] Downloading package stopwords to
[nltk_data]     /home/codespace/nltk_data...
[nltk_data]   Package stopwords is already up-to-date!
[nltk_data] Downloading package wordnet to
[nltk_data]     /home/codespace/nltk_data...
[nltk_data]   Package wordnet is already up-to-date!
[nltk_data] Downloading package omw-1.4 to
[nltk_data]     /home/codespace/nltk_data...
[nltk_data]   Package omw-1.4 is already up-to-date!
2025-12-08 09:34:12.345 Please replace `st.experimental_rerun` with `st.rerun`.

`st.experimental_rerun` will be removed after 2024-04-01.
[nltk_data] Downloading package punkt to /home/codespace/nltk_data...
[nltk_data]   Package punkt is already up-to-date!
[nltk_data] Downloading package stopwords to
[nltk_data]     /home/codespace/nltk_data...
[nltk_data]   Package stopwords is already up-to-date!
[nltk_data] Downloading package wordnet to
[nltk_data]     /home/codespace/nltk_data...
[nltk_data]   Package wordnet is already up-to-date!
[nltk_data] Downloading package omw-1.4 to
[nltk_data]     /home/codespace/nltk_data...
[nltk_data]   Package omw-1.4 is already up-to-date!
